08 Mar 2022 10:11:16,529 INFO  CarsDBRepository 18 <init> - Initializing CarsDBRepository with properties: {} 
08 Mar 2022 10:11:16,547 TRACE CarsDBRepository 36 add - Enter saving task Id=0 Tesla Model S 2019 
08 Mar 2022 10:11:16,547 TRACE JdbcUtils 46 getConnection - Enter
08 Mar 2022 10:11:16,548 TRACE JdbcUtils 23 getNewConnection - Enter
08 Mar 2022 10:11:16,548 INFO  JdbcUtils 28 getNewConnection - trying to connect to database ... null
08 Mar 2022 10:11:16,549 INFO  JdbcUtils 29 getNewConnection - user: null
08 Mar 2022 10:11:16,549 INFO  JdbcUtils 30 getNewConnection - pass: null
08 Mar 2022 10:11:16,554 ERROR JdbcUtils 39 getNewConnection - java.sql.SQLException: The url cannot be null
08 Mar 2022 10:11:16,556 TRACE JdbcUtils 55 getConnection - Exit
08 Mar 2022 10:11:30,267 INFO  CarsDBRepository 18 <init> - Initializing CarsDBRepository with properties: {} 
08 Mar 2022 10:11:30,295 TRACE CarsDBRepository 36 add - Enter saving task Id=0 Tesla Model S 2019 
08 Mar 2022 10:11:30,296 TRACE JdbcUtils 46 getConnection - Enter
08 Mar 2022 10:11:30,297 TRACE JdbcUtils 23 getNewConnection - Enter
08 Mar 2022 10:11:30,298 INFO  JdbcUtils 28 getNewConnection - trying to connect to database ... null
08 Mar 2022 10:11:30,299 INFO  JdbcUtils 29 getNewConnection - user: null
08 Mar 2022 10:11:30,299 INFO  JdbcUtils 30 getNewConnection - pass: null
08 Mar 2022 10:11:30,306 ERROR JdbcUtils 39 getNewConnection - java.sql.SQLException: The url cannot be null
08 Mar 2022 10:11:30,309 TRACE JdbcUtils 55 getConnection - Exit
08 Mar 2022 10:35:18,237 INFO  CarsDBRepository 18 <init> - Initializing CarsDBRepository with properties: {} 
08 Mar 2022 10:35:30,084 TRACE CarsDBRepository 57 add - Enter saving task Id=0 Tesla Model S 2019 
08 Mar 2022 10:35:32,226 TRACE JdbcUtils 46 getConnection - Enter
08 Mar 2022 10:35:32,228 TRACE JdbcUtils 23 getNewConnection - Enter
08 Mar 2022 10:35:32,230 INFO  JdbcUtils 28 getNewConnection - trying to connect to database ... null
08 Mar 2022 10:35:32,231 INFO  JdbcUtils 29 getNewConnection - user: null
08 Mar 2022 10:35:32,234 INFO  JdbcUtils 30 getNewConnection - pass: null
08 Mar 2022 10:35:32,253 ERROR JdbcUtils 39 getNewConnection - java.sql.SQLException: The url cannot be null
08 Mar 2022 10:35:32,258 TRACE JdbcUtils 55 getConnection - Exit
08 Mar 2022 10:36:31,560 INFO  CarsDBRepository 18 <init> - Initializing CarsDBRepository with properties: {} 
08 Mar 2022 10:36:31,578 TRACE CarsDBRepository 57 add - Enter saving task Id=0 Tesla Model S 2019 
08 Mar 2022 10:36:31,579 TRACE JdbcUtils 46 getConnection - Enter
08 Mar 2022 10:36:31,579 TRACE JdbcUtils 23 getNewConnection - Enter
08 Mar 2022 10:36:31,580 INFO  JdbcUtils 28 getNewConnection - trying to connect to database ... null
08 Mar 2022 10:36:31,581 INFO  JdbcUtils 29 getNewConnection - user: null
08 Mar 2022 10:36:31,581 INFO  JdbcUtils 30 getNewConnection - pass: null
08 Mar 2022 10:36:31,585 ERROR JdbcUtils 39 getNewConnection - java.sql.SQLException: The url cannot be null
08 Mar 2022 10:36:31,588 TRACE JdbcUtils 55 getConnection - Exit
08 Mar 2022 10:36:37,597 INFO  CarsDBRepository 18 <init> - Initializing CarsDBRepository with properties: {} 
08 Mar 2022 10:36:37,625 TRACE CarsDBRepository 57 add - Enter saving task Id=0 Tesla Model S 2019 
08 Mar 2022 10:36:37,626 TRACE JdbcUtils 46 getConnection - Enter
08 Mar 2022 10:36:37,627 TRACE JdbcUtils 23 getNewConnection - Enter
08 Mar 2022 10:36:37,627 INFO  JdbcUtils 28 getNewConnection - trying to connect to database ... null
08 Mar 2022 10:36:37,628 INFO  JdbcUtils 29 getNewConnection - user: null
08 Mar 2022 10:36:37,628 INFO  JdbcUtils 30 getNewConnection - pass: null
08 Mar 2022 10:36:37,632 ERROR JdbcUtils 39 getNewConnection - java.sql.SQLException: The url cannot be null
08 Mar 2022 10:36:37,635 TRACE JdbcUtils 55 getConnection - Exit
